# JRE version: Java(TM) SE Runtime Environment 18.9 (11.0.18+9) (build 11.0.18+9-LTS-195)
# Java VM: Java HotSpot(TM) 64-Bit Server VM 18.9 (11.0.18+9-LTS-195, mixed mode, tiered, compressed oops, g1 gc, windows-amd64)
Heap:
 garbage-first heap   total 520192K, used 233027K [0x0000000604000000, 0x0000000800000000)
  region size 2048K, 45 young (92160K), 4 survivors (8192K)
 Metaspace       used 53324K, capacity 54900K, committed 55040K, reserved 1097728K
  class space    used 6237K, capacity 6902K, committed 6912K, reserved 1048576K
GC Heap History (10 events):
Event: 2061.511 GC heap before
{Heap before GC invocations=9 (full 0):
 garbage-first heap   total 520192K, used 353166K [0x0000000604000000, 0x0000000800000000)
  region size 2048K, 62 young (126976K), 3 survivors (6144K)
 Metaspace       used 52091K, capacity 53613K, committed 53760K, reserved 1095680K
  class space    used 6222K, capacity 6897K, committed 6912K, reserved 1048576K
}
Event: 2061.513 GC heap after
{Heap after GC invocations=10 (full 0):
 garbage-first heap   total 520192K, used 173914K [0x0000000604000000, 0x0000000800000000)
  region size 2048K, 4 young (8192K), 4 survivors (8192K)
 Metaspace       used 52091K, capacity 53613K, committed 53760K, reserved 1095680K
  class space    used 6222K, capacity 6897K, committed 6912K, reserved 1048576K
}
Event: 2192.875 GC heap before
{Heap before GC invocations=10 (full 0):
 garbage-first heap   total 520192K, used 327514K [0x0000000604000000, 0x0000000800000000)
  region size 2048K, 49 young (100352K), 4 survivors (8192K)
 Metaspace       used 52382K, capacity 53948K, committed 54016K, reserved 1095680K
  class space    used 6229K, capacity 6900K, committed 6912K, reserved 1048576K
}
Event: 2192.877 GC heap after
{Heap after GC invocations=11 (full 0):
 garbage-first heap   total 520192K, used 230562K [0x0000000604000000, 0x0000000800000000)
  region size 2048K, 3 young (6144K), 3 survivors (6144K)
 Metaspace       used 52382K, capacity 53948K, committed 54016K, reserved 1095680K
  class space    used 6229K, capacity 6900K, committed 6912K, reserved 1048576K
}
Event: 2242.878 GC heap before
{Heap before GC invocations=12 (full 0):
 garbage-first heap   total 520192K, used 261282K [0x0000000604000000, 0x0000000800000000)
  region size 2048K, 20 young (40960K), 3 survivors (6144K)
 Metaspace       used 52384K, capacity 53948K, committed 54016K, reserved 1095680K
  class space    used 6229K, capacity 6900K, committed 6912K, reserved 1048576K
}
Event: 2242.879 GC heap after
{Heap after GC invocations=13 (full 0):
 garbage-first heap   total 520192K, used 191018K [0x0000000604000000, 0x0000000800000000)
  region size 2048K, 2 young (4096K), 2 survivors (4096K)
 Metaspace       used 52384K, capacity 53948K, committed 54016K, reserved 1095680K
  class space    used 6229K, capacity 6900K, committed 6912K, reserved 1048576K
}
Event: 20336.696 GC heap before
{Heap before GC invocations=14 (full 0):
 garbage-first heap   total 520192K, used 389674K [0x0000000604000000, 0x0000000800000000)
  region size 2048K, 92 young (188416K), 2 survivors (4096K)
 Metaspace       used 52940K, capacity 54495K, committed 54528K, reserved 1097728K
  class space    used 6237K, capacity 6902K, committed 6912K, reserved 1048576K
}
Event: 20336.698 GC heap after
{Heap after GC invocations=15 (full 0):
 garbage-first heap   total 520192K, used 153638K [0x0000000604000000, 0x0000000800000000)
  region size 2048K, 2 young (4096K), 2 survivors (4096K)
 Metaspace       used 52940K, capacity 54495K, committed 54528K, reserved 1097728K
  class space    used 6237K, capacity 6902K, committed 6912K, reserved 1048576K
}
Event: 249833.681 GC heap before
{Heap before GC invocations=15 (full 0):
 garbage-first heap   total 520192K, used 403494K [0x0000000604000000, 0x0000000800000000)
  region size 2048K, 125 young (256000K), 2 survivors (4096K)
 Metaspace       used 53306K, capacity 54899K, committed 55040K, reserved 1097728K
  class space    used 6237K, capacity 6902K, committed 6912K, reserved 1048576K
}
Event: 249833.686 GC heap after
{Heap after GC invocations=16 (full 0):
 garbage-first heap   total 520192K, used 151107K [0x0000000604000000, 0x0000000800000000)
  region size 2048K, 4 young (8192K), 4 survivors (8192K)
 Metaspace       used 53306K, capacity 54899K, committed 55040K, reserved 1097728K
  class space    used 6237K, capacity 6902K, committed 6912K, reserved 1048576K
}

