# JRE version: Java(TM) SE Runtime Environment 18.9 (11.0.18+9) (build 11.0.18+9-LTS-195)
# Java VM: Java HotSpot(TM) 64-Bit Server VM 18.9 (11.0.18+9-LTS-195, mixed mode, tiered, compressed oops, g1 gc, windows-amd64)
Heap:
 garbage-first heap   total 520192K, used 261006K [0x0000000604000000, 0x0000000800000000)
  region size 2048K, 58 young (118784K), 3 survivors (6144K)
 Metaspace       used 54761K, capacity 56279K, committed 57216K, reserved 1099776K
  class space    used 6311K, capacity 6914K, committed 7296K, reserved 1048576K
GC Heap History (10 events):
Event: 9076.142 GC heap before
{Heap before GC invocations=23 (full 0):
 garbage-first heap   total 520192K, used 330567K [0x0000000604000000, 0x0000000800000000)
  region size 2048K, 52 young (106496K), 1 survivors (2048K)
 Metaspace       used 54482K, capacity 56257K, committed 56448K, reserved 1097728K
  class space    used 6457K, capacity 7204K, committed 7296K, reserved 1048576K
}
Event: 9076.148 GC heap after
{Heap after GC invocations=24 (full 0):
 garbage-first heap   total 520192K, used 127824K [0x0000000604000000, 0x0000000800000000)
  region size 2048K, 1 young (2048K), 1 survivors (2048K)
 Metaspace       used 54482K, capacity 56257K, committed 56448K, reserved 1097728K
  class space    used 6457K, capacity 7204K, committed 7296K, reserved 1048576K
}
Event: 9359.477 GC heap before
{Heap before GC invocations=25 (full 0):
 garbage-first heap   total 520192K, used 437072K [0x0000000604000000, 0x0000000800000000)
  region size 2048K, 105 young (215040K), 1 survivors (2048K)
 Metaspace       used 53979K, capacity 55532K, committed 56704K, reserved 1099776K
  class space    used 6307K, capacity 6913K, committed 7296K, reserved 1048576K
}
Event: 9359.487 GC heap after
{Heap after GC invocations=26 (full 0):
 garbage-first heap   total 520192K, used 211948K [0x0000000604000000, 0x0000000800000000)
  region size 2048K, 2 young (4096K), 2 survivors (4096K)
 Metaspace       used 53979K, capacity 55532K, committed 56704K, reserved 1099776K
  class space    used 6307K, capacity 6913K, committed 7296K, reserved 1048576K
}
Event: 9758.002 GC heap before
{Heap before GC invocations=26 (full 0):
 garbage-first heap   total 520192K, used 390124K [0x0000000604000000, 0x0000000800000000)
  region size 2048K, 89 young (182272K), 2 survivors (4096K)
 Metaspace       used 54006K, capacity 55532K, committed 56704K, reserved 1099776K
  class space    used 6307K, capacity 6913K, committed 7296K, reserved 1048576K
}
Event: 9758.008 GC heap after
{Heap after GC invocations=27 (full 0):
 garbage-first heap   total 520192K, used 148332K [0x0000000604000000, 0x0000000800000000)
  region size 2048K, 2 young (4096K), 2 survivors (4096K)
 Metaspace       used 54006K, capacity 55532K, committed 56704K, reserved 1099776K
  class space    used 6307K, capacity 6913K, committed 7296K, reserved 1048576K
}
Event: 29059.480 GC heap before
{Heap before GC invocations=27 (full 0):
 garbage-first heap   total 520192K, used 361324K [0x0000000604000000, 0x0000000800000000)
  region size 2048K, 107 young (219136K), 2 survivors (4096K)
 Metaspace       used 54080K, capacity 55602K, committed 56704K, reserved 1099776K
  class space    used 6308K, capacity 6914K, committed 7296K, reserved 1048576K
}
Event: 29059.482 GC heap after
{Heap after GC invocations=28 (full 0):
 garbage-first heap   total 520192K, used 149648K [0x0000000604000000, 0x0000000800000000)
  region size 2048K, 3 young (6144K), 3 survivors (6144K)
 Metaspace       used 54080K, capacity 55602K, committed 56704K, reserved 1099776K
  class space    used 6308K, capacity 6914K, committed 7296K, reserved 1048576K
}
Event: 248188.930 GC heap before
{Heap before GC invocations=28 (full 0):
 garbage-first heap   total 520192K, used 368784K [0x0000000604000000, 0x0000000800000000)
  region size 2048K, 111 young (227328K), 3 survivors (6144K)
 Metaspace       used 54649K, capacity 56143K, committed 57216K, reserved 1099776K
  class space    used 6311K, capacity 6914K, committed 7296K, reserved 1048576K
}
Event: 248188.935 GC heap after
{Heap after GC invocations=29 (full 0):
 garbage-first heap   total 520192K, used 150414K [0x0000000604000000, 0x0000000800000000)
  region size 2048K, 3 young (6144K), 3 survivors (6144K)
 Metaspace       used 54649K, capacity 56143K, committed 57216K, reserved 1099776K
  class space    used 6311K, capacity 6914K, committed 7296K, reserved 1048576K
}

